<?xml version="1.0" encoding="UTF-8"?>
<!-- Generated by org.testng.reporters.JUnitXMLReporter -->
<testsuite hostname="MSI" ignored="23" name="Default test" tests="1" failures="1" timestamp="26 Sep 2017 22:41:02 GMT" time="0.027" errors="0">
  <testcase name="openChromeDriver" time="0.013" classname="testNGs.testFunctionalities">
    <failure type="java.lang.NoClassDefFoundError" message="com/google/common/base/Function">
      <![CDATA[java.lang.NoClassDefFoundError: com/google/common/base/Function
	at testNGs.testFunctionalities.openChromeDriver(testFunctionalities.java:45)
	at sun.reflect.NativeMethodAccessorImpl.invoke0(Native Method)
	at sun.reflect.NativeMethodAccessorImpl.invoke(Unknown Source)
	at sun.reflect.DelegatingMethodAccessorImpl.invoke(Unknown Source)
	at java.lang.reflect.Method.invoke(Unknown Source)
	at org.testng.internal.MethodInvocationHelper.invokeMethod(MethodInvocationHelper.java:108)
	at org.testng.internal.Invoker.invokeMethod(Invoker.java:669)
	at org.testng.internal.Invoker.invokeTestMethod(Invoker.java:877)
	at org.testng.internal.Invoker.invokeTestMethods(Invoker.java:1201)
	at org.testng.internal.TestMethodWorker.invokeTestMethods(TestMethodWorker.java:125)
	at org.testng.internal.TestMethodWorker.run(TestMethodWorker.java:109)
	at org.testng.TestRunner.privateRun(TestRunner.java:776)
	at org.testng.TestRunner.run(TestRunner.java:634)
	at org.testng.SuiteRunner.runTest(SuiteRunner.java:425)
	at org.testng.SuiteRunner.runSequentially(SuiteRunner.java:420)
	at org.testng.SuiteRunner.privateRun(SuiteRunner.java:385)
	at org.testng.SuiteRunner.run(SuiteRunner.java:334)
	at org.testng.SuiteRunnerWorker.runSuite(SuiteRunnerWorker.java:52)
	at org.testng.SuiteRunnerWorker.run(SuiteRunnerWorker.java:86)
	at org.testng.TestNG.runSuitesSequentially(TestNG.java:1318)
	at org.testng.TestNG.runSuitesLocally(TestNG.java:1243)
	at org.testng.TestNG.runSuites(TestNG.java:1161)
	at org.testng.TestNG.run(TestNG.java:1129)
	at org.testng.remote.AbstractRemoteTestNG.run(AbstractRemoteTestNG.java:114)
	at org.testng.remote.RemoteTestNG.initAndRun(RemoteTestNG.java:251)
	at org.testng.remote.RemoteTestNG.main(RemoteTestNG.java:77)
Caused by: java.lang.ClassNotFoundException: com.google.common.base.Function
	at java.net.URLClassLoader.findClass(Unknown Source)
	at java.lang.ClassLoader.loadClass(Unknown Source)
	at sun.misc.Launcher$AppClassLoader.loadClass(Unknown Source)
	at java.lang.ClassLoader.loadClass(Unknown Source)
	... 26 more
]]>
    </failure>
  </testcase> <!-- openChromeDriver -->
  <testcase name="runArrayOfDataAndExpectExceptionErrors" time="0.0" classname="testNGs.testFunctionalities">
    <ignored/>
  </testcase> <!-- runArrayOfDataAndExpectExceptionErrors -->
  <testcase name="FileReturnFalse" time="0.0" classname="testNGs.testFunctionalities">
    <ignored/>
  </testcase> <!-- FileReturnFalse -->
  <testcase name="FileReturnTrue" time="0.0" classname="testNGs.testFunctionalities">
    <ignored/>
  </testcase> <!-- FileReturnTrue -->
  <testcase name="getFileThenAssign2Array" time="0.0" classname="testNGs.testFunctionalities">
    <ignored/>
  </testcase> <!-- getFileThenAssign2Array -->
  <testcase name="getFile" time="0.0" classname="testNGs.testFunctionalities">
    <ignored/>
  </testcase> <!-- getFile -->
  <testcase name="getJSONFile" time="0.0" classname="testNGs.testFunctionalities">
    <ignored/>
  </testcase> <!-- getJSONFile -->
  <testcase name="findNoMatchFromJsonObject" time="0.0" classname="testNGs.testFunctionalities">
    <ignored/>
  </testcase> <!-- findNoMatchFromJsonObject -->
  <testcase name="getFileFromJson" time="0.0" classname="testNGs.testFunctionalities">
    <ignored/>
  </testcase> <!-- getFileFromJson -->
  <testcase name="putInfoIntoLog" time="0.0" classname="testNGs.testFunctionalities">
    <ignored/>
  </testcase> <!-- putInfoIntoLog -->
  <testcase name="getJsonObject" time="0.0" classname="testNGs.testFunctionalities">
    <ignored/>
  </testcase> <!-- getJsonObject -->
  <testcase name="putArrayListIntoFile" time="0.0" classname="testNGs.testFunctionalities">
    <ignored/>
  </testcase> <!-- putArrayListIntoFile -->
  <testcase name="runMultipleJsonTests" time="0.0" classname="testNGs.testFunctionalities">
    <ignored/>
  </testcase> <!-- runMultipleJsonTests -->
  <testcase name="putArrayStringIntoFile" time="0.0" classname="testNGs.testFunctionalities">
    <ignored/>
  </testcase> <!-- putArrayStringIntoFile -->
  <testcase name="getJsonArray" time="0.0" classname="testNGs.testFunctionalities">
    <ignored/>
  </testcase> <!-- getJsonArray -->
  <testcase name="putTextIntoFile" time="0.0" classname="testNGs.testFunctionalities">
    <ignored/>
  </testcase> <!-- putTextIntoFile -->
  <testcase name="noMatchFoundinJSONArray" time="0.0" classname="testNGs.testFunctionalities">
    <ignored/>
  </testcase> <!-- noMatchFoundinJSONArray -->
  <testcase name="noMatchFound4Key" time="0.0" classname="testNGs.testFunctionalities">
    <ignored/>
  </testcase> <!-- noMatchFound4Key -->
  <testcase name="getDataWithInvalidFileURL" time="0.0" classname="testNGs.testFunctionalities">
    <ignored/>
  </testcase> <!-- getDataWithInvalidFileURL -->
  <testcase name="getJsonArrayAndReturnaValue" time="0.0" classname="testNGs.testFunctionalities">
    <ignored/>
  </testcase> <!-- getJsonArrayAndReturnaValue -->
  <testcase name="DifferentDirectory" time="0.0" classname="testNGs.testFunctionalities">
    <ignored/>
  </testcase> <!-- DifferentDirectory -->
  <testcase name="Fail2getFile" time="0.0" classname="testNGs.testFunctionalities">
    <ignored/>
  </testcase> <!-- Fail2getFile -->
  <testcase name="throwExceptionErrorWhenJSONpathIsInvalid" time="0.0" classname="testNGs.testFunctionalities">
    <ignored/>
  </testcase> <!-- throwExceptionErrorWhenJSONpathIsInvalid -->
  <testcase name="openChrome" time="0.0" classname="testNGs.testFunctionalities">
    <ignored/>
  </testcase> <!-- openChrome -->
</testsuite> <!-- Default test -->
